Using pre-set license
Built from '2020.3/staging' branch; Version is '2020.3.5f1 (8095aa901b9b) revision 8426922'; Using compiler version '192528614'; Build Type 'Release'
OS: 'Windows 10 Pro; OS build 19042.1586; Version 2009; 64bit' Language: 'es' Physical Memory: 16267 MB
BatchMode: 1, IsHumanControllingUs: 0, StartBugReporterOnCrash: 0, Is64bit: 1, IsPro: 0

 COMMAND LINE ARGUMENTS:
C:\Program Files\Unity\Hub\Editor\2020.3.5f1\Editor\Unity.exe
-adb2
-batchMode
-noUpm
-name
AssetImportWorker0
-projectPath
E:/MyGames/Critter Thieves/CritterThieves
-logFile
Logs/AssetImportWorker0.log
-srvPort
62967
Successfully changed project path to: E:/MyGames/Critter Thieves/CritterThieves
E:/MyGames/Critter Thieves/CritterThieves
Using Asset Import Pipeline V2.
Refreshing native plugins compatible for Editor in 78.88 ms, found 6 plugins.
Preloading 0 native plugins for Editor in 0.00 ms.
Initialize engine version: 2020.3.5f1 (8095aa901b9b)
[Subsystems] Discovering subsystems at path C:/Program Files/Unity/Hub/Editor/2020.3.5f1/Editor/Data/Resources/UnitySubsystems
[Subsystems] Discovering subsystems at path E:/MyGames/Critter Thieves/CritterThieves/Assets
GfxDevice: creating device client; threaded=0
Direct3D:
    Version:  Direct3D 11.0 [level 11.1]
    Renderer: NVIDIA GeForce GT 1030 (ID=0x1d01)
    Vendor:   
    VRAM:     1982 MB
    Driver:   27.21.14.5671
Shader 'Universal Render Pipeline/Particles/Lit': fallback shader 'Universal Render Pipeline/Particles/SimpleLit' not found
Initialize mono
Mono path[0] = 'C:/Program Files/Unity/Hub/Editor/2020.3.5f1/Editor/Data/Managed'
Mono path[1] = 'C:/Program Files/Unity/Hub/Editor/2020.3.5f1/Editor/Data/MonoBleedingEdge/lib/mono/unityjit'
Mono config path = 'C:/Program Files/Unity/Hub/Editor/2020.3.5f1/Editor/Data/MonoBleedingEdge/etc'
Using monoOptions --debugger-agent=transport=dt_socket,embedding=1,server=y,suspend=n,address=127.0.0.1:56384
Begin MonoManager ReloadAssembly
Registering precompiled unity dll's ...
Register platform support module: C:/Program Files/Unity/Hub/Editor/2020.3.5f1/Editor/Data/PlaybackEngines/WebGLSupport/UnityEditor.WebGL.Extensions.dll
Register platform support module: C:/Program Files/Unity/Hub/Editor/2020.3.5f1/Editor/Data/PlaybackEngines/WindowsStandaloneSupport/UnityEditor.WindowsStandalone.Extensions.dll
Registered in 0.002746 seconds.
Native extension for WindowsStandalone target not found
Native extension for WebGL target not found
Refreshing native plugins compatible for Editor in 60.03 ms, found 6 plugins.
Preloading 0 native plugins for Editor in 0.00 ms.
Mono: successfully reloaded assembly
- Completed reload, in  1.069 seconds
Platform modules already initialized, skipping
Registering precompiled user dll's ...
Registered in 0.015379 seconds.
Begin MonoManager ReloadAssembly
Native extension for WindowsStandalone target not found
Native extension for WebGL target not found
Refreshing native plugins compatible for Editor in 63.66 ms, found 6 plugins.
Preloading 0 native plugins for Editor in 0.00 ms.
Mono: successfully reloaded assembly
Fallback handler could not load library C:/Program Files/Unity/Hub/Editor/2020.3.5f1/Editor/Data/Mono/lib/libdl
Fallback handler could not load library C:/Program Files/Unity/Hub/Editor/2020.3.5f1/Editor/Data/Mono/lib/libdl.dll
Fallback handler could not load library C:/Program Files/Unity/Hub/Editor/2020.3.5f1/Editor/Data/Mono/lib/libdl
Fallback handler could not load library C:/Program Files/Unity/Hub/Editor/2020.3.5f1/Editor/Data/Mono/lib/libdl
Fallback handler could not load library C:/Program Files/Unity/Hub/Editor/2020.3.5f1/Editor/Data/Mono/lib/libdl.dll
Fallback handler could not load library C:/Program Files/Unity/Hub/Editor/2020.3.5f1/Editor/Data/Mono/lib/libdl
- Completed reload, in  1.050 seconds
Platform modules already initialized, skipping
========================================================================
Worker process is ready to serve import requests
Shader 'Hidden/Silent's Cel Shading/Old/Cutout': fallback shader 'Silent's Cel Shading/Lightramp/Cutout' not found
Shader 'Hidden/Silent's Cel Shading/Old/Cutout': fallback shader 'Silent's Cel Shading/Lightramp/Cutout' not found
Shader 'Universal Render Pipeline/Particles/Lit': fallback shader 'Universal Render Pipeline/Particles/SimpleLit' not found
Launched and connected shader compiler UnityShaderCompiler.exe after 0.06 seconds
Refreshing native plugins compatible for Editor in 1.11 ms, found 6 plugins.
Preloading 0 native plugins for Editor in 0.00 ms.
Unloading 2841 Unused Serialized files (Serialized files now loaded: 0)
System memory in use before: 142.4 MB.
System memory in use after: 141.5 MB.

Unloading 80 unused Assets to reduce memory usage. Loaded Objects now: 3305.
Total: 2.920800 ms (FindLiveObjects: 0.321200 ms CreateObjectMapping: 0.088500 ms MarkObjects: 1.752800 ms  DeleteObjects: 0.757500 ms)

========================================================================
Received Import Request.
  path: Assets/sadCat.wav
  artifactKey: Guid(4a3cc28d4254523429f7bff22ec7194b) Importer(815301076,1909f56bfc062723c751e8b465ee728b)
Start importing Assets/sadCat.wav using Guid(4a3cc28d4254523429f7bff22ec7194b) Importer(815301076,1909f56bfc062723c751e8b465ee728b)  -> (artifact id: '154b2d731f86c7ec33d9476b8c96fa88') in 0.102817 seconds
  Import took 0.108330 seconds .

========================================================================
Received Import Request.
  Time since last request: 0.946654 seconds.
  path: Assets/sadCat.wav
  artifactKey: Guid(4a3cc28d4254523429f7bff22ec7194b) Importer(815301076,1909f56bfc062723c751e8b465ee728b)
Start importing Assets/sadCat.wav using Guid(4a3cc28d4254523429f7bff22ec7194b) Importer(815301076,1909f56bfc062723c751e8b465ee728b)  -> (artifact id: '154b2d731f86c7ec33d9476b8c96fa88') in 0.007805 seconds
  Import took 0.012736 seconds .

========================================================================
Received Import Request.
  Time since last request: 35.988466 seconds.
  path: Assets/Scenes
  artifactKey: Guid(88a651f61fd02c34aa70c671ed5f989b) Importer(815301076,1909f56bfc062723c751e8b465ee728b)
Start importing Assets/Scenes using Guid(88a651f61fd02c34aa70c671ed5f989b) Importer(815301076,1909f56bfc062723c751e8b465ee728b)  -> (artifact id: '7dae40b973c6a017ce9357cffd1f99b1') in 0.002601 seconds
  Import took 0.008557 seconds .

========================================================================
Received Import Request.
  Time since last request: 0.010096 seconds.
  path: Assets/Scenes
  artifactKey: Guid(88a651f61fd02c34aa70c671ed5f989b) Importer(815301076,1909f56bfc062723c751e8b465ee728b)
Start importing Assets/Scenes using Guid(88a651f61fd02c34aa70c671ed5f989b) Importer(815301076,1909f56bfc062723c751e8b465ee728b)  -> (artifact id: '7dae40b973c6a017ce9357cffd1f99b1') in 0.002014 seconds
  Import took 0.008240 seconds .

========================================================================
Received Import Request.
  Time since last request: 2.056425 seconds.
  path: Assets/Scenes/Game.unity
  artifactKey: Guid(d8a0276346337dd42a027c61dc15a7cd) Importer(815301076,1909f56bfc062723c751e8b465ee728b)
Start importing Assets/Scenes/Game.unity using Guid(d8a0276346337dd42a027c61dc15a7cd) Importer(815301076,1909f56bfc062723c751e8b465ee728b)  -> (artifact id: '65aa86029ce2ad061975fe3c1472d2bb') in 0.002946 seconds
  Import took 0.007383 seconds .

========================================================================
Received Import Request.
  Time since last request: 0.000401 seconds.
  path: Assets/Scenes/Game.unity
  artifactKey: Guid(d8a0276346337dd42a027c61dc15a7cd) Importer(815301076,1909f56bfc062723c751e8b465ee728b)
Start importing Assets/Scenes/Game.unity using Guid(d8a0276346337dd42a027c61dc15a7cd) Importer(815301076,1909f56bfc062723c751e8b465ee728b)  -> (artifact id: '65aa86029ce2ad061975fe3c1472d2bb') in 0.002715 seconds
  Import took 0.006851 seconds .

========================================================================
Received Import Request.
  Time since last request: 13.874947 seconds.
  path: Assets/Scenes/MainMenu.unity
  artifactKey: Guid(e29659af43a5ca848ab2825dbb5f934a) Importer(815301076,1909f56bfc062723c751e8b465ee728b)
Start importing Assets/Scenes/MainMenu.unity using Guid(e29659af43a5ca848ab2825dbb5f934a) Importer(815301076,1909f56bfc062723c751e8b465ee728b)  -> (artifact id: '49ac33ab4e1ed93e18d88243b9e6787a') in 0.002404 seconds
  Import took 0.006847 seconds .

========================================================================
Received Prepare
Registering precompiled user dll's ...
Registered in 0.015596 seconds.
Begin MonoManager ReloadAssembly
Fallback handler could not load library C:/Program Files/Unity/Hub/Editor/2020.3.5f1/Editor/Data/Mono/lib/libdl
Fallback handler could not load library C:/Program Files/Unity/Hub/Editor/2020.3.5f1/Editor/Data/Mono/lib/libdl.dll
Fallback handler could not load library C:/Program Files/Unity/Hub/Editor/2020.3.5f1/Editor/Data/Mono/lib/libdl
Native extension for WindowsStandalone target not found
Native extension for WebGL target not found
Refreshing native plugins compatible for Editor in 1.12 ms, found 6 plugins.
Preloading 0 native plugins for Editor in 0.00 ms.
Mono: successfully reloaded assembly
Fallback handler could not load library C:/Program Files/Unity/Hub/Editor/2020.3.5f1/Editor/Data/Mono/lib/libdl
Fallback handler could not load library C:/Program Files/Unity/Hub/Editor/2020.3.5f1/Editor/Data/Mono/lib/libdl.dll
Fallback handler could not load library C:/Program Files/Unity/Hub/Editor/2020.3.5f1/Editor/Data/Mono/lib/libdl
Fallback handler could not load library C:/Program Files/Unity/Hub/Editor/2020.3.5f1/Editor/Data/Mono/lib/libdl
Fallback handler could not load library C:/Program Files/Unity/Hub/Editor/2020.3.5f1/Editor/Data/Mono/lib/libdl.dll
Fallback handler could not load library C:/Program Files/Unity/Hub/Editor/2020.3.5f1/Editor/Data/Mono/lib/libdl
- Completed reload, in  0.939 seconds
Platform modules already initialized, skipping
Shader 'Hidden/Silent's Cel Shading/Old/Cutout': fallback shader 'Silent's Cel Shading/Lightramp/Cutout' not found
Shader 'Universal Render Pipeline/Particles/Lit': fallback shader 'Universal Render Pipeline/Particles/SimpleLit' not found
Shader 'Hidden/Silent's Cel Shading/Old/Cutout': fallback shader 'Silent's Cel Shading/Lightramp/Cutout' not found
Refreshing native plugins compatible for Editor in 1.17 ms, found 6 plugins.
Preloading 0 native plugins for Editor in 0.00 ms.
Unloading 2683 Unused Serialized files (Serialized files now loaded: 0)
System memory in use before: 133.7 MB.
System memory in use after: 132.8 MB.

Unloading 75 unused Assets to reduce memory usage. Loaded Objects now: 3317.
Total: 3.316600 ms (FindLiveObjects: 0.431300 ms CreateObjectMapping: 0.083700 ms MarkObjects: 2.011700 ms  DeleteObjects: 0.788900 ms)

========================================================================
Received Import Request.
  Time since last request: 140.713908 seconds.
  path: Assets/Scenes/Corridor.unity
  artifactKey: Guid(74dc2eaf5bd6d534fa003a3eaced3a78) Importer(815301076,1909f56bfc062723c751e8b465ee728b)
Start importing Assets/Scenes/Corridor.unity using Guid(74dc2eaf5bd6d534fa003a3eaced3a78) Importer(815301076,1909f56bfc062723c751e8b465ee728b)  -> (artifact id: '9132c9b96c42d091d38465eef81045bc') in 0.014228 seconds
  Import took 0.018676 seconds .

========================================================================
Received Prepare
Registering precompiled user dll's ...
Registered in 0.015748 seconds.
Begin MonoManager ReloadAssembly
Fallback handler could not load library C:/Program Files/Unity/Hub/Editor/2020.3.5f1/Editor/Data/Mono/lib/libdl
Fallback handler could not load library C:/Program Files/Unity/Hub/Editor/2020.3.5f1/Editor/Data/Mono/lib/libdl.dll
Fallback handler could not load library C:/Program Files/Unity/Hub/Editor/2020.3.5f1/Editor/Data/Mono/lib/libdl
Native extension for WindowsStandalone target not found
Native extension for WebGL target not found
Refreshing native plugins compatible for Editor in 1.09 ms, found 6 plugins.
Preloading 0 native plugins for Editor in 0.00 ms.
Mono: successfully reloaded assembly
Fallback handler could not load library C:/Program Files/Unity/Hub/Editor/2020.3.5f1/Editor/Data/Mono/lib/libdl
Fallback handler could not load library C:/Program Files/Unity/Hub/Editor/2020.3.5f1/Editor/Data/Mono/lib/libdl.dll
Fallback handler could not load library C:/Program Files/Unity/Hub/Editor/2020.3.5f1/Editor/Data/Mono/lib/libdl
Fallback handler could not load library C:/Program Files/Unity/Hub/Editor/2020.3.5f1/Editor/Data/Mono/lib/libdl
Fallback handler could not load library C:/Program Files/Unity/Hub/Editor/2020.3.5f1/Editor/Data/Mono/lib/libdl.dll
Fallback handler could not load library C:/Program Files/Unity/Hub/Editor/2020.3.5f1/Editor/Data/Mono/lib/libdl
- Completed reload, in  0.945 seconds
Platform modules already initialized, skipping
Shader 'Hidden/Silent's Cel Shading/Old/Cutout': fallback shader 'Silent's Cel Shading/Lightramp/Cutout' not found
Shader 'Universal Render Pipeline/Particles/Lit': fallback shader 'Universal Render Pipeline/Particles/SimpleLit' not found
Shader 'Hidden/Silent's Cel Shading/Old/Cutout': fallback shader 'Silent's Cel Shading/Lightramp/Cutout' not found
Refreshing native plugins compatible for Editor in 1.21 ms, found 6 plugins.
Preloading 0 native plugins for Editor in 0.00 ms.
Unloading 2683 Unused Serialized files (Serialized files now loaded: 0)
System memory in use before: 133.7 MB.
System memory in use after: 132.9 MB.

Unloading 75 unused Assets to reduce memory usage. Loaded Objects now: 3320.
Total: 3.649500 ms (FindLiveObjects: 0.460500 ms CreateObjectMapping: 0.083400 ms MarkObjects: 2.035300 ms  DeleteObjects: 1.068700 ms)

========================================================================
Received Prepare
Registering precompiled user dll's ...
Registered in 0.015652 seconds.
Begin MonoManager ReloadAssembly
Fallback handler could not load library C:/Program Files/Unity/Hub/Editor/2020.3.5f1/Editor/Data/Mono/lib/libdl
Fallback handler could not load library C:/Program Files/Unity/Hub/Editor/2020.3.5f1/Editor/Data/Mono/lib/libdl.dll
Fallback handler could not load library C:/Program Files/Unity/Hub/Editor/2020.3.5f1/Editor/Data/Mono/lib/libdl
Native extension for WindowsStandalone target not found
Native extension for WebGL target not found
Refreshing native plugins compatible for Editor in 1.13 ms, found 6 plugins.
Preloading 0 native plugins for Editor in 0.00 ms.
Mono: successfully reloaded assembly
Fallback handler could not load library C:/Program Files/Unity/Hub/Editor/2020.3.5f1/Editor/Data/Mono/lib/libdl
Fallback handler could not load library C:/Program Files/Unity/Hub/Editor/2020.3.5f1/Editor/Data/Mono/lib/libdl.dll
Fallback handler could not load library C:/Program Files/Unity/Hub/Editor/2020.3.5f1/Editor/Data/Mono/lib/libdl
Fallback handler could not load library C:/Program Files/Unity/Hub/Editor/2020.3.5f1/Editor/Data/Mono/lib/libdl
Fallback handler could not load library C:/Program Files/Unity/Hub/Editor/2020.3.5f1/Editor/Data/Mono/lib/libdl.dll
Fallback handler could not load library C:/Program Files/Unity/Hub/Editor/2020.3.5f1/Editor/Data/Mono/lib/libdl
- Completed reload, in  0.912 seconds
Platform modules already initialized, skipping
Shader 'Hidden/Silent's Cel Shading/Old/Cutout': fallback shader 'Silent's Cel Shading/Lightramp/Cutout' not found
Shader 'Universal Render Pipeline/Particles/Lit': fallback shader 'Universal Render Pipeline/Particles/SimpleLit' not found
Shader 'Hidden/Silent's Cel Shading/Old/Cutout': fallback shader 'Silent's Cel Shading/Lightramp/Cutout' not found
Refreshing native plugins compatible for Editor in 1.16 ms, found 6 plugins.
Preloading 0 native plugins for Editor in 0.00 ms.
Unloading 2683 Unused Serialized files (Serialized files now loaded: 0)
System memory in use before: 133.7 MB.
System memory in use after: 132.9 MB.

Unloading 75 unused Assets to reduce memory usage. Loaded Objects now: 3323.
Total: 3.476000 ms (FindLiveObjects: 0.323900 ms CreateObjectMapping: 0.072300 ms MarkObjects: 2.062000 ms  DeleteObjects: 1.017000 ms)

========================================================================
Received Prepare
Registering precompiled user dll's ...
Registered in 0.014964 seconds.
Begin MonoManager ReloadAssembly
Fallback handler could not load library C:/Program Files/Unity/Hub/Editor/2020.3.5f1/Editor/Data/Mono/lib/libdl
Fallback handler could not load library C:/Program Files/Unity/Hub/Editor/2020.3.5f1/Editor/Data/Mono/lib/libdl.dll
Fallback handler could not load library C:/Program Files/Unity/Hub/Editor/2020.3.5f1/Editor/Data/Mono/lib/libdl
Native extension for WindowsStandalone target not found
Native extension for WebGL target not found
Refreshing native plugins compatible for Editor in 1.10 ms, found 6 plugins.
Preloading 0 native plugins for Editor in 0.00 ms.
Mono: successfully reloaded assembly
Fallback handler could not load library C:/Program Files/Unity/Hub/Editor/2020.3.5f1/Editor/Data/Mono/lib/libdl
Fallback handler could not load library C:/Program Files/Unity/Hub/Editor/2020.3.5f1/Editor/Data/Mono/lib/libdl.dll
Fallback handler could not load library C:/Program Files/Unity/Hub/Editor/2020.3.5f1/Editor/Data/Mono/lib/libdl
Fallback handler could not load library C:/Program Files/Unity/Hub/Editor/2020.3.5f1/Editor/Data/Mono/lib/libdl
Fallback handler could not load library C:/Program Files/Unity/Hub/Editor/2020.3.5f1/Editor/Data/Mono/lib/libdl.dll
Fallback handler could not load library C:/Program Files/Unity/Hub/Editor/2020.3.5f1/Editor/Data/Mono/lib/libdl
- Completed reload, in  0.898 seconds
Platform modules already initialized, skipping
Shader 'Hidden/Silent's Cel Shading/Old/Cutout': fallback shader 'Silent's Cel Shading/Lightramp/Cutout' not found
Shader 'Universal Render Pipeline/Particles/Lit': fallback shader 'Universal Render Pipeline/Particles/SimpleLit' not found
Shader 'Hidden/Silent's Cel Shading/Old/Cutout': fallback shader 'Silent's Cel Shading/Lightramp/Cutout' not found
Refreshing native plugins compatible for Editor in 1.08 ms, found 6 plugins.
Preloading 0 native plugins for Editor in 0.00 ms.
Unloading 2683 Unused Serialized files (Serialized files now loaded: 0)
System memory in use before: 133.8 MB.
System memory in use after: 132.9 MB.

Unloading 75 unused Assets to reduce memory usage. Loaded Objects now: 3326.
Total: 3.423500 ms (FindLiveObjects: 0.341700 ms CreateObjectMapping: 0.067100 ms MarkObjects: 2.006300 ms  DeleteObjects: 1.007200 ms)

AssetImportWorkerClient::OnTransportError - code=2 error=End of file
